\BOOKMARK [1][]{section.1}{\376\377\000C\000o\000n\000t\000e\000x\000t\000o\000\040\000y\000\040\000O\000b\000j\000e\000t\000i\000v\000o\000s}{}% 1
\BOOKMARK [1][]{section.2}{\376\377\000P\000o\000s\000i\000b\000l\000e\000s\000\040\000s\000o\000l\000u\000c\000i\000o\000n\000e\000s\000\040\000a\000n\000t\000e\000\040\000l\000a\000\040\000p\000r\000o\000b\000l\000e\000m\000\341\000t\000i\000c\000a}{}% 2
\BOOKMARK [2][]{subsection.2.1}{\376\377\000P\000e\000t\000o\000\040\000d\000e\000p\000o\000r\000t\000i\000v\000o\000\040\000i\000n\000t\000e\000l\000i\000g\000e\000n\000t\000e}{section.2}% 3
\BOOKMARK [2][]{subsection.2.2}{\376\377\000D\000i\000s\000p\000o\000s\000i\000t\000i\000v\000o\000\040\000w\000e\000a\000r\000a\000b\000l\000e\000\040\000t\000i\000p\000o\000\040\000s\000m\000a\000r\000t\000b\000a\000n\000d}{section.2}% 4
\BOOKMARK [1][]{section.3}{\376\377\000P\000r\000o\000p\000u\000e\000s\000t\000a\000\040\000d\000e\000\040\000d\000i\000s\000e\000\361\000o}{}% 5
\BOOKMARK [1][]{section.4}{\376\377\000A\000n\000\341\000l\000i\000s\000i\000s\000\040\000d\000e\000\040\000r\000e\000q\000u\000e\000r\000i\000m\000i\000e\000n\000t\000o\000s}{}% 6
\BOOKMARK [2][]{subsection.4.1}{\376\377\000D\000i\000s\000p\000o\000s\000i\000t\000i\000v\000o\000\040\000c\000o\000m\000p\000a\000c\000t\000o\000\040\000y\000\040\000c\000\363\000m\000o\000d\000o}{section.4}% 7
\BOOKMARK [2][]{subsection.4.2}{\376\377\000E\000n\000e\000r\000g\000i\000z\000a\000c\000i\000\363\000n\000\040\000y\000\040\000a\000u\000t\000o\000n\000o\000m\000\355\000a}{section.4}% 8
\BOOKMARK [2][]{subsection.4.3}{\376\377\000M\000e\000d\000i\000c\000i\000o\000n\000e\000s\000\040\000r\000e\000q\000u\000e\000r\000i\000d\000a\000s}{section.4}% 9
\BOOKMARK [2][]{subsection.4.4}{\376\377\000P\000r\000o\000c\000e\000s\000a\000m\000i\000e\000n\000t\000o\000\040\000a\000l\000g\000o\000r\000\355\000t\000m\000i\000c\000o\000\040\000y\000\040\000M\000a\000c\000h\000i\000n\000e\000\040\000L\000e\000a\000r\000n\000i\000n\000g}{section.4}% 10
\BOOKMARK [2][]{subsection.4.5}{\376\377\000A\000l\000g\000o\000r\000i\000t\000m\000o\000s\000\040\000d\000e\000\040\000P\000r\000o\000c\000e\000s\000a\000m\000i\000e\000n\000t\000o\000\040\000d\000e\000\040\000S\000e\000\361\000a\000l\000e\000s\000\040\000\050\000E\000C\000G\000\051}{section.4}% 11
\BOOKMARK [2][]{subsection.4.6}{\376\377\000I\000n\000t\000e\000r\000f\000a\000z\000\040\000g\000r\000\341\000f\000i\000c\000a\000\040\000y\000\040\000n\000a\000v\000e\000g\000a\000c\000i\000\363\000n}{section.4}% 12
\BOOKMARK [1][]{section.5}{\376\377\000E\000l\000e\000c\000c\000i\000\363\000n\000\040\000d\000e\000\040\000c\000o\000m\000p\000o\000n\000e\000n\000t\000e\000s\000\040\000y\000\040\000j\000u\000s\000t\000i\000f\000i\000c\000a\000c\000i\000\363\000n}{}% 13
\BOOKMARK [1][]{section.6}{\376\377\000D\000i\000a\000g\000r\000a\000m\000a\000\040\000d\000e\000\040\000b\000l\000o\000q\000u\000e\000s}{}% 14
\BOOKMARK [2][]{subsection.6.1}{\376\377\000D\000i\000a\000g\000r\000a\000m\000a\000\040\000d\000e\000\040\000b\000l\000o\000q\000u\000e\000s\000\040\000d\000e\000\040\000a\000l\000t\000o\000\040\000n\000i\000v\000e\000l\000\040}{section.6}% 15
\BOOKMARK [2][]{subsection.6.2}{\376\377\000D\000i\000a\000g\000r\000a\000m\000a\000\040\000d\000e\000\040\000p\000o\000t\000e\000n\000c\000i\000a}{section.6}% 16
\BOOKMARK [2][]{subsection.6.3}{\376\377\000D\000i\000a\000g\000r\000a\000m\000a\000\040\000d\000e\000\040\000s\000e\000\361\000a\000l\000e\000s\000\040\000y\000\040\000b\000u\000s\000e\000s\000\040\000d\000e\000\040\000c\000o\000m\000u\000n\000i\000c\000a\000c\000i\000\363\000n}{section.6}% 17
\BOOKMARK [3][]{subsubsection.6.3.1}{\376\377\000M\000a\000p\000e\000o\000\040\000d\000e\000\040\000p\000i\000n\000e\000s\000\040\000y\000\040\000p\000l\000a\000n\000\040\000d\000e\000\040\000m\000i\000g\000r\000a\000c\000i\000\363\000n\000\040\000\050\000C\0003\000\040\000a\000\040\000S\0003\000\051}{subsection.6.3}% 18
\BOOKMARK [2][]{subsection.6.4}{\376\377\000A\000r\000q\000u\000i\000t\000e\000c\000t\000u\000r\000a\000\040\000d\000e\000\040\000F\000i\000r\000m\000w\000a\000r\000e\000\040\000\050\000F\000r\000e\000e\000R\000T\000O\000S\000\051}{section.6}% 19
\BOOKMARK [3][]{subsubsection.6.4.1}{\376\377\000F\000r\000e\000c\000u\000e\000n\000c\000i\000a\000s\000\040\000d\000e\000\040\000M\000u\000e\000s\000t\000r\000e\000o\000\040\000y\000\040\000O\000p\000t\000i\000m\000i\000z\000a\000c\000i\000\363\000n\000\040\000d\000e\000\040\000M\000e\000m\000o\000r\000i\000a}{subsection.6.4}% 20
\BOOKMARK [2][]{subsection.6.5}{\376\377\000A\000r\000q\000u\000i\000t\000e\000c\000t\000u\000r\000a\000\040\000d\000e\000\040\000E\000c\000o\000s\000i\000s\000t\000e\000m\000a\000\040\000\050\000A\000p\000p\000\040\000y\000\040\000S\000e\000r\000v\000i\000d\000o\000r\000\051}{section.6}% 21
\BOOKMARK [3][]{subsubsection.6.5.1}{\376\377\000A\000l\000g\000o\000r\000i\000t\000m\000o\000s\000\040\000d\000e\000\040\000P\000r\000o\000c\000e\000s\000a\000m\000i\000e\000n\000t\000o\000\040\000d\000e\000\040\000S\000e\000\361\000a\000l\000e\000s\000\040\000\050\000E\000C\000G\000\040\000e\000n\000\040\000S\000e\000r\000v\000i\000d\000o\000r\000\051}{subsection.6.5}% 22
\BOOKMARK [1][]{section.7}{\376\377\000B\000o\000s\000q\000u\000e\000j\000o\000\040\000d\000e\000\040\000l\000a\000\040\000s\000o\000l\000u\000c\000i\000\363\000n}{}% 23
\BOOKMARK [1][]{section.8}{\376\377\000M\000e\000t\000o\000d\000o\000l\000o\000g\000\355\000a\000\040\000d\000e\000\040\000t\000r\000a\000b\000a\000j\000o}{}% 24
\BOOKMARK [2][]{subsection.8.1}{\376\377\000\301\000r\000e\000a\000s\000\040\000y\000\040\000r\000o\000l\000e\000s}{section.8}% 25
\BOOKMARK [3][]{subsubsection.8.1.1}{\376\377\000\301\000r\000e\000a\000\040\0001\000:\000\040\000H\000a\000r\000d\000w\000a\000r\000e}{subsection.8.1}% 26
\BOOKMARK [3][]{subsubsection.8.1.2}{\376\377\000\301\000r\000e\000a\000\040\0002\000:\000\040\000S\000o\000f\000t\000w\000a\000r\000e\000\040\000y\000\040\000P\000r\000o\000c\000e\000s\000a\000m\000i\000e\000n\000t\000o}{subsection.8.1}% 27
\BOOKMARK [3][]{subsubsection.8.1.3}{\376\377\000\301\000r\000e\000a\000\040\0003\000:\000\040\000I\000n\000t\000e\000r\000f\000a\000z\000\040\000y\000\040\000S\000i\000s\000t\000e\000m\000a}{subsection.8.1}% 28
\BOOKMARK [2][]{subsection.8.2}{\376\377\000T\000r\000a\000b\000a\000j\000o\000\040\000c\000o\000l\000a\000b\000o\000r\000a\000t\000i\000v\000o}{section.8}% 29
\BOOKMARK [2][]{subsection.8.3}{\376\377\000A\000s\000i\000g\000n\000a\000c\000i\000\363\000n\000\040\000d\000e\000\040\000t\000a\000r\000e\000a\000s}{section.8}% 30
\BOOKMARK [1][]{section.9}{\376\377\000O\000b\000j\000e\000t\000i\000v\000o\000s\000\040\000a\000\040\000c\000u\000m\000p\000l\000i\000r}{}% 31
\BOOKMARK [2][]{subsection.9.1}{\376\377\000H\000i\000t\000o\000s}{section.9}% 32
\BOOKMARK [3][]{subsubsection.9.1.1}{\376\377\000H\000i\000t\000o\000\040\0005\000\045\000:\000\040\000D\000e\000f\000i\000n\000i\000c\000i\000\363\000n\000\040\000y\000\040\000p\000l\000a\000n\000i\000f\000i\000c\000a\000c\000i\000\363\000n\000\040\000i\000n\000i\000c\000i\000a\000l}{subsection.9.1}% 33
\BOOKMARK [3][]{subsubsection.9.1.2}{\376\377\000H\000i\000t\000o\000\040\0002\0005\000\045\000:\000\040\000V\000a\000l\000i\000d\000a\000c\000i\000\363\000n\000\040\000d\000e\000\040\000s\000u\000b\000s\000i\000s\000t\000e\000m\000a\000s\000\040\000i\000n\000i\000c\000i\000a\000l\000e\000s}{subsection.9.1}% 34
\BOOKMARK [3][]{subsubsection.9.1.3}{\376\377\000H\000i\000t\000o\000\040\0006\0000\000\045\000:\000\040\000I\000n\000t\000e\000g\000r\000a\000c\000i\000\363\000n\000\040\000f\000u\000n\000c\000i\000o\000n\000a\000l\000\040\000d\000e\000l\000\040\000s\000i\000s\000t\000e\000m\000a}{subsection.9.1}% 35
\BOOKMARK [3][]{subsubsection.9.1.4}{\376\377\000H\000i\000t\000o\000\040\0009\0000\000\045\000:\000\040\000V\000a\000l\000i\000d\000a\000c\000i\000\363\000n\000\040\000a\000v\000a\000n\000z\000a\000d\000a\000\040\000y\000\040\000o\000p\000t\000i\000m\000i\000z\000a\000c\000i\000\363\000n}{subsection.9.1}% 36
\BOOKMARK [3][]{subsubsection.9.1.5}{\376\377\000H\000i\000t\000o\000\040\0001\0000\0000\000\045\000:\000\040\000E\000n\000t\000r\000e\000g\000a\000\040\000f\000i\000n\000a\000l}{subsection.9.1}% 37
\BOOKMARK [1][]{section.10}{\376\377\000P\000r\000e\000s\000u\000p\000u\000e\000s\000t\000o\000\040\000e\000s\000t\000i\000m\000a\000d\000o}{}% 38
\BOOKMARK [1][]{section.11}{\376\377\000R\000e\000f\000e\000r\000e\000n\000c\000i\000a\000s}{}% 39
